<?xml version="1.0" encoding="UTF-8"?>
<testsuite name="test.java.calcCostTest" tests="20" skipped="0" failures="0" errors="0" timestamp="2020-04-14T17:15:17" hostname="DESKTOP-A624P9L" time="0.027">
  <properties/>
  <testcase name="calcCostCart1" classname="test.java.calcCostTest" time="0.002"/>
  <testcase name="calcCostCart2" classname="test.java.calcCostTest" time="0.001"/>
  <testcase name="calcCostCart3" classname="test.java.calcCostTest" time="0.0"/>
  <testcase name="calcCostCart4" classname="test.java.calcCostTest" time="0.0"/>
  <testcase name="calcCostCart5" classname="test.java.calcCostTest" time="0.0"/>
  <testcase name="calcCostCart6" classname="test.java.calcCostTest" time="0.0"/>
  <testcase name="calcCostCart7" classname="test.java.calcCostTest" time="0.001"/>
  <testcase name="calcCostCart8" classname="test.java.calcCostTest" time="0.0"/>
  <testcase name="calcCostCart9" classname="test.java.calcCostTest" time="0.0"/>
  <testcase name="calcCostCart10" classname="test.java.calcCostTest" time="0.0"/>
  <testcase name="calcCostCart1" classname="test.java.calcCostTest" time="0.0"/>
  <testcase name="calcCostCart2" classname="test.java.calcCostTest" time="0.0"/>
  <testcase name="calcCostCart3" classname="test.java.calcCostTest" time="0.0"/>
  <testcase name="calcCostCart4" classname="test.java.calcCostTest" time="0.0"/>
  <testcase name="calcCostCart5" classname="test.java.calcCostTest" time="0.0"/>
  <testcase name="calcCostCart6" classname="test.java.calcCostTest" time="0.001"/>
  <testcase name="calcCostCart7" classname="test.java.calcCostTest" time="0.0"/>
  <testcase name="calcCostCart8" classname="test.java.calcCostTest" time="0.0"/>
  <testcase name="calcCostCart9" classname="test.java.calcCostTest" time="0.001"/>
  <testcase name="calcCostCart10" classname="test.java.calcCostTest" time="0.0"/>
  <system-out><![CDATA[]]></system-out>
  <system-err><![CDATA[]]></system-err>
</testsuite>
